In file included from /opt/ros/noetic/include/ros/ros.h:40,
                 from /home/mario/catkin_ws/src/iq_gnc/include/gnc_functions.hpp:10,
                 from /home/mario/catkin_ws/src/iq_gnc/src/follower_sub.cpp:3:
/home/mario/catkin_ws/src/iq_gnc/src/follower_sub.cpp: In function ‘void drone1_gpsSub_cb(const ConstPtr&)’:
/home/mario/catkin_ws/src/iq_gnc/src/follower_sub.cpp:208:63: error: ‘geometry_msgs::PoseStamped’ {aka ‘struct geometry_msgs::PoseStamped_<std::allocator<void> >’} has no member named ‘x’
  208 |   ROS_INFO("base difference_wp: %f %f %f", base_difference_wp.x , base_difference_wp.y, base_difference_wp.z);
      |                                                               ^
/opt/ros/noetic/include/ros/console.h:351:165: note: in definition of macro ‘ROSCONSOLE_PRINT_AT_LOCATION_WITH_FILTER’
  351 |     ::ros::console::print(filter, __rosconsole_define_location__loc.logger_, __rosconsole_define_location__loc.level_, __FILE__, __LINE__, __ROSCONSOLE_FUNCTION__, __VA_ARGS__)
      |                                                                                                                                                                     ^~~~~~~~~~~
/opt/ros/noetic/include/ros/console.h:390:7: note: in expansion of macro ‘ROSCONSOLE_PRINT_AT_LOCATION’
  390 |       ROSCONSOLE_PRINT_AT_LOCATION(__VA_ARGS__); \
      |       ^~~~~~~~~~~~~~~~~~~~~~~~~~~~
/opt/ros/noetic/include/ros/console.h:575:35: note: in expansion of macro ‘ROS_LOG_COND’
  575 | #define ROS_LOG(level, name, ...) ROS_LOG_COND(true, level, name, __VA_ARGS__)
      |                                   ^~~~~~~~~~~~
/opt/ros/noetic/include/rosconsole/macros_generated.h:110:23: note: in expansion of macro ‘ROS_LOG’
  110 | #define ROS_INFO(...) ROS_LOG(::ros::console::levels::Info, ROSCONSOLE_DEFAULT_NAME, __VA_ARGS__)
      |                       ^~~~~~~
/home/mario/catkin_ws/src/iq_gnc/src/follower_sub.cpp:208:3: note: in expansion of macro ‘ROS_INFO’
  208 |   ROS_INFO("base difference_wp: %f %f %f", base_difference_wp.x , base_difference_wp.y, base_difference_wp.z);
      |   ^~~~~~~~
/home/mario/catkin_ws/src/iq_gnc/src/follower_sub.cpp:208:86: error: ‘geometry_msgs::PoseStamped’ {aka ‘struct geometry_msgs::PoseStamped_<std::allocator<void> >’} has no member named ‘y’
  208 |   ROS_INFO("base difference_wp: %f %f %f", base_difference_wp.x , base_difference_wp.y, base_difference_wp.z);
      |                                                                                      ^
/opt/ros/noetic/include/ros/console.h:351:165: note: in definition of macro ‘ROSCONSOLE_PRINT_AT_LOCATION_WITH_FILTER’
  351 |     ::ros::console::print(filter, __rosconsole_define_location__loc.logger_, __rosconsole_define_location__loc.level_, __FILE__, __LINE__, __ROSCONSOLE_FUNCTION__, __VA_ARGS__)
      |                                                                                                                                                                     ^~~~~~~~~~~
/opt/ros/noetic/include/ros/console.h:390:7: note: in expansion of macro ‘ROSCONSOLE_PRINT_AT_LOCATION’
  390 |       ROSCONSOLE_PRINT_AT_LOCATION(__VA_ARGS__); \
      |       ^~~~~~~~~~~~~~~~~~~~~~~~~~~~
/opt/ros/noetic/include/ros/console.h:575:35: note: in expansion of macro ‘ROS_LOG_COND’
  575 | #define ROS_LOG(level, name, ...) ROS_LOG_COND(true, level, name, __VA_ARGS__)
      |                                   ^~~~~~~~~~~~
/opt/ros/noetic/include/rosconsole/macros_generated.h:110:23: note: in expansion of macro ‘ROS_LOG’
  110 | #define ROS_INFO(...) ROS_LOG(::ros::console::levels::Info, ROSCONSOLE_DEFAULT_NAME, __VA_ARGS__)
      |                       ^~~~~~~
/home/mario/catkin_ws/src/iq_gnc/src/follower_sub.cpp:208:3: note: in expansion of macro ‘ROS_INFO’
  208 |   ROS_INFO("base difference_wp: %f %f %f", base_difference_wp.x , base_difference_wp.y, base_difference_wp.z);
      |   ^~~~~~~~
/home/mario/catkin_ws/src/iq_gnc/src/follower_sub.cpp:208:108: error: ‘geometry_msgs::PoseStamped’ {aka ‘struct geometry_msgs::PoseStamped_<std::allocator<void> >’} has no member named ‘z’
  208 |   ROS_INFO("base difference_wp: %f %f %f", base_difference_wp.x , base_difference_wp.y, base_difference_wp.z);
      |                                                                                                            ^
/opt/ros/noetic/include/ros/console.h:351:165: note: in definition of macro ‘ROSCONSOLE_PRINT_AT_LOCATION_WITH_FILTER’
  351 |     ::ros::console::print(filter, __rosconsole_define_location__loc.logger_, __rosconsole_define_location__loc.level_, __FILE__, __LINE__, __ROSCONSOLE_FUNCTION__, __VA_ARGS__)
      |                                                                                                                                                                     ^~~~~~~~~~~
/opt/ros/noetic/include/ros/console.h:390:7: note: in expansion of macro ‘ROSCONSOLE_PRINT_AT_LOCATION’
  390 |       ROSCONSOLE_PRINT_AT_LOCATION(__VA_ARGS__); \
      |       ^~~~~~~~~~~~~~~~~~~~~~~~~~~~
/opt/ros/noetic/include/ros/console.h:575:35: note: in expansion of macro ‘ROS_LOG_COND’
  575 | #define ROS_LOG(level, name, ...) ROS_LOG_COND(true, level, name, __VA_ARGS__)
      |                                   ^~~~~~~~~~~~
/opt/ros/noetic/include/rosconsole/macros_generated.h:110:23: note: in expansion of macro ‘ROS_LOG’
  110 | #define ROS_INFO(...) ROS_LOG(::ros::console::levels::Info, ROSCONSOLE_DEFAULT_NAME, __VA_ARGS__)
      |                       ^~~~~~~
/home/mario/catkin_ws/src/iq_gnc/src/follower_sub.cpp:208:3: note: in expansion of macro ‘ROS_INFO’
  208 |   ROS_INFO("base difference_wp: %f %f %f", base_difference_wp.x , base_difference_wp.y, base_difference_wp.z);
      |   ^~~~~~~~
/home/mario/catkin_ws/src/iq_gnc/src/follower_sub.cpp:247:54: error: ‘geometry_msgs::PoseStamped’ {aka ‘struct geometry_msgs::PoseStamped_<std::allocator<void> >’} has no member named ‘x’
  247 |    ROS_INFO("difference_wp: %f %f %f", difference_wp.x , difference_wp.y, difference_wp.z);
      |                                                      ^
/opt/ros/noetic/include/ros/console.h:351:165: note: in definition of macro ‘ROSCONSOLE_PRINT_AT_LOCATION_WITH_FILTER’
  351 |     ::ros::console::print(filter, __rosconsole_define_location__loc.logger_, __rosconsole_define_location__loc.level_, __FILE__, __LINE__, __ROSCONSOLE_FUNCTION__, __VA_ARGS__)
      |                                                                                                                                                                     ^~~~~~~~~~~
/opt/ros/noetic/include/ros/console.h:390:7: note: in expansion of macro ‘ROSCONSOLE_PRINT_AT_LOCATION’
  390 |       ROSCONSOLE_PRINT_AT_LOCATION(__VA_ARGS__); \
      |       ^~~~~~~~~~~~~~~~~~~~~~~~~~~~
/opt/ros/noetic/include/ros/console.h:575:35: note: in expansion of macro ‘ROS_LOG_COND’
  575 | #define ROS_LOG(level, name, ...) ROS_LOG_COND(true, level, name, __VA_ARGS__)
      |                                   ^~~~~~~~~~~~
/opt/ros/noetic/include/rosconsole/macros_generated.h:110:23: note: in expansion of macro ‘ROS_LOG’
  110 | #define ROS_INFO(...) ROS_LOG(::ros::console::levels::Info, ROSCONSOLE_DEFAULT_NAME, __VA_ARGS__)
      |                       ^~~~~~~
/home/mario/catkin_ws/src/iq_gnc/src/follower_sub.cpp:247:4: note: in expansion of macro ‘ROS_INFO’
  247 |    ROS_INFO("difference_wp: %f %f %f", difference_wp.x , difference_wp.y, difference_wp.z);
      |    ^~~~~~~~
/home/mario/catkin_ws/src/iq_gnc/src/follower_sub.cpp:247:72: error: ‘geometry_msgs::PoseStamped’ {aka ‘struct geometry_msgs::PoseStamped_<std::allocator<void> >’} has no member named ‘y’
  247 |    ROS_INFO("difference_wp: %f %f %f", difference_wp.x , difference_wp.y, difference_wp.z);
      |                                                                        ^
/opt/ros/noetic/include/ros/console.h:351:165: note: in definition of macro ‘ROSCONSOLE_PRINT_AT_LOCATION_WITH_FILTER’
  351 |     ::ros::console::print(filter, __rosconsole_define_location__loc.logger_, __rosconsole_define_location__loc.level_, __FILE__, __LINE__, __ROSCONSOLE_FUNCTION__, __VA_ARGS__)
      |                                                                                                                                                                     ^~~~~~~~~~~
/opt/ros/noetic/include/ros/console.h:390:7: note: in expansion of macro ‘ROSCONSOLE_PRINT_AT_LOCATION’
  390 |       ROSCONSOLE_PRINT_AT_LOCATION(__VA_ARGS__); \
      |       ^~~~~~~~~~~~~~~~~~~~~~~~~~~~
/opt/ros/noetic/include/ros/console.h:575:35: note: in expansion of macro ‘ROS_LOG_COND’
  575 | #define ROS_LOG(level, name, ...) ROS_LOG_COND(true, level, name, __VA_ARGS__)
      |                                   ^~~~~~~~~~~~
/opt/ros/noetic/include/rosconsole/macros_generated.h:110:23: note: in expansion of macro ‘ROS_LOG’
  110 | #define ROS_INFO(...) ROS_LOG(::ros::console::levels::Info, ROSCONSOLE_DEFAULT_NAME, __VA_ARGS__)
      |                       ^~~~~~~
/home/mario/catkin_ws/src/iq_gnc/src/follower_sub.cpp:247:4: note: in expansion of macro ‘ROS_INFO’
  247 |    ROS_INFO("difference_wp: %f %f %f", difference_wp.x , difference_wp.y, difference_wp.z);
      |    ^~~~~~~~
/home/mario/catkin_ws/src/iq_gnc/src/follower_sub.cpp:247:89: error: ‘geometry_msgs::PoseStamped’ {aka ‘struct geometry_msgs::PoseStamped_<std::allocator<void> >’} has no member named ‘z’
  247 |    ROS_INFO("difference_wp: %f %f %f", difference_wp.x , difference_wp.y, difference_wp.z);
      |                                                                                         ^
/opt/ros/noetic/include/ros/console.h:351:165: note: in definition of macro ‘ROSCONSOLE_PRINT_AT_LOCATION_WITH_FILTER’
  351 |     ::ros::console::print(filter, __rosconsole_define_location__loc.logger_, __rosconsole_define_location__loc.level_, __FILE__, __LINE__, __ROSCONSOLE_FUNCTION__, __VA_ARGS__)
      |                                                                                                                                                                     ^~~~~~~~~~~
/opt/ros/noetic/include/ros/console.h:390:7: note: in expansion of macro ‘ROSCONSOLE_PRINT_AT_LOCATION’
  390 |       ROSCONSOLE_PRINT_AT_LOCATION(__VA_ARGS__); \
      |       ^~~~~~~~~~~~~~~~~~~~~~~~~~~~
/opt/ros/noetic/include/ros/console.h:575:35: note: in expansion of macro ‘ROS_LOG_COND’
  575 | #define ROS_LOG(level, name, ...) ROS_LOG_COND(true, level, name, __VA_ARGS__)
      |                                   ^~~~~~~~~~~~
/opt/ros/noetic/include/rosconsole/macros_generated.h:110:23: note: in expansion of macro ‘ROS_LOG’
  110 | #define ROS_INFO(...) ROS_LOG(::ros::console::levels::Info, ROSCONSOLE_DEFAULT_NAME, __VA_ARGS__)
      |                       ^~~~~~~
/home/mario/catkin_ws/src/iq_gnc/src/follower_sub.cpp:247:4: note: in expansion of macro ‘ROS_INFO’
  247 |    ROS_INFO("difference_wp: %f %f %f", difference_wp.x , difference_wp.y, difference_wp.z);
      |    ^~~~~~~~
/home/mario/catkin_ws/src/iq_gnc/src/follower_sub.cpp:248:41: error: ‘geometry_msgs::PoseStamped’ {aka ‘struct geometry_msgs::PoseStamped_<std::allocator<void> >’} has no member named ‘x’
  248 |    ROS_INFO("error: %f %f %f", error_wp.x , error_wp.y, error_wp.z);
      |                                         ^
/opt/ros/noetic/include/ros/console.h:351:165: note: in definition of macro ‘ROSCONSOLE_PRINT_AT_LOCATION_WITH_FILTER’
  351 |     ::ros::console::print(filter, __rosconsole_define_location__loc.logger_, __rosconsole_define_location__loc.level_, __FILE__, __LINE__, __ROSCONSOLE_FUNCTION__, __VA_ARGS__)
      |                                                                                                                                                                     ^~~~~~~~~~~
/opt/ros/noetic/include/ros/console.h:390:7: note: in expansion of macro ‘ROSCONSOLE_PRINT_AT_LOCATION’
  390 |       ROSCONSOLE_PRINT_AT_LOCATION(__VA_ARGS__); \
      |       ^~~~~~~~~~~~~~~~~~~~~~~~~~~~
/opt/ros/noetic/include/ros/console.h:575:35: note: in expansion of macro ‘ROS_LOG_COND’
  575 | #define ROS_LOG(level, name, ...) ROS_LOG_COND(true, level, name, __VA_ARGS__)
      |                                   ^~~~~~~~~~~~
/opt/ros/noetic/include/rosconsole/macros_generated.h:110:23: note: in expansion of macro ‘ROS_LOG’
  110 | #define ROS_INFO(...) ROS_LOG(::ros::console::levels::Info, ROSCONSOLE_DEFAULT_NAME, __VA_ARGS__)
      |                       ^~~~~~~
/home/mario/catkin_ws/src/iq_gnc/src/follower_sub.cpp:248:4: note: in expansion of macro ‘ROS_INFO’
  248 |    ROS_INFO("error: %f %f %f", error_wp.x , error_wp.y, error_wp.z);
      |    ^~~~~~~~
/home/mario/catkin_ws/src/iq_gnc/src/follower_sub.cpp:248:54: error: ‘geometry_msgs::PoseStamped’ {aka ‘struct geometry_msgs::PoseStamped_<std::allocator<void> >’} has no member named ‘y’
  248 |    ROS_INFO("error: %f %f %f", error_wp.x , error_wp.y, error_wp.z);
      |                                                      ^
/opt/ros/noetic/include/ros/console.h:351:165: note: in definition of macro ‘ROSCONSOLE_PRINT_AT_LOCATION_WITH_FILTER’
  351 |     ::ros::console::print(filter, __rosconsole_define_location__loc.logger_, __rosconsole_define_location__loc.level_, __FILE__, __LINE__, __ROSCONSOLE_FUNCTION__, __VA_ARGS__)
      |                                                                                                                                                                     ^~~~~~~~~~~
/opt/ros/noetic/include/ros/console.h:390:7: note: in expansion of macro ‘ROSCONSOLE_PRINT_AT_LOCATION’
  390 |       ROSCONSOLE_PRINT_AT_LOCATION(__VA_ARGS__); \
      |       ^~~~~~~~~~~~~~~~~~~~~~~~~~~~
/opt/ros/noetic/include/ros/console.h:575:35: note: in expansion of macro ‘ROS_LOG_COND’
  575 | #define ROS_LOG(level, name, ...) ROS_LOG_COND(true, level, name, __VA_ARGS__)
      |                                   ^~~~~~~~~~~~
/opt/ros/noetic/include/rosconsole/macros_generated.h:110:23: note: in expansion of macro ‘ROS_LOG’
  110 | #define ROS_INFO(...) ROS_LOG(::ros::console::levels::Info, ROSCONSOLE_DEFAULT_NAME, __VA_ARGS__)
      |                       ^~~~~~~
/home/mario/catkin_ws/src/iq_gnc/src/follower_sub.cpp:248:4: note: in expansion of macro ‘ROS_INFO’
  248 |    ROS_INFO("error: %f %f %f", error_wp.x , error_wp.y, error_wp.z);
      |    ^~~~~~~~
/home/mario/catkin_ws/src/iq_gnc/src/follower_sub.cpp:248:66: error: ‘geometry_msgs::PoseStamped’ {aka ‘struct geometry_msgs::PoseStamped_<std::allocator<void> >’} has no member named ‘z’
  248 |    ROS_INFO("error: %f %f %f", error_wp.x , error_wp.y, error_wp.z);
      |                                                                  ^
/opt/ros/noetic/include/ros/console.h:351:165: note: in definition of macro ‘ROSCONSOLE_PRINT_AT_LOCATION_WITH_FILTER’
  351 |     ::ros::console::print(filter, __rosconsole_define_location__loc.logger_, __rosconsole_define_location__loc.level_, __FILE__, __LINE__, __ROSCONSOLE_FUNCTION__, __VA_ARGS__)
      |                                                                                                                                                                     ^~~~~~~~~~~
/opt/ros/noetic/include/ros/console.h:390:7: note: in expansion of macro ‘ROSCONSOLE_PRINT_AT_LOCATION’
  390 |       ROSCONSOLE_PRINT_AT_LOCATION(__VA_ARGS__); \
      |       ^~~~~~~~~~~~~~~~~~~~~~~~~~~~
/opt/ros/noetic/include/ros/console.h:575:35: note: in expansion of macro ‘ROS_LOG_COND’
  575 | #define ROS_LOG(level, name, ...) ROS_LOG_COND(true, level, name, __VA_ARGS__)
      |                                   ^~~~~~~~~~~~
/opt/ros/noetic/include/rosconsole/macros_generated.h:110:23: note: in expansion of macro ‘ROS_LOG’
  110 | #define ROS_INFO(...) ROS_LOG(::ros::console::levels::Info, ROSCONSOLE_DEFAULT_NAME, __VA_ARGS__)
      |                       ^~~~~~~
/home/mario/catkin_ws/src/iq_gnc/src/follower_sub.cpp:248:4: note: in expansion of macro ‘ROS_INFO’
  248 |    ROS_INFO("error: %f %f %f", error_wp.x , error_wp.y, error_wp.z);
      |    ^~~~~~~~
make[2]: *** [CMakeFiles/follower_sub.dir/build.make:63: CMakeFiles/follower_sub.dir/src/follower_sub.cpp.o] Error 1
make[1]: *** [CMakeFiles/Makefile2:1804: CMakeFiles/follower_sub.dir/all] Error 2
make: *** [Makefile:141: all] Error 2
